[0719/014441.954:ERROR:process_memory_win.cc(73)] ReadMemory at 0x250000 of 64 bytes failed: Only part of a ReadProcessMemory or WriteProcessMemory request was completed. (0x12B)
[0719/014442.023:WARNING:pe_image_reader.cc(340)] could not read dos header from C:\Program Files\Google\Chrome\Application\chrome.exe
[0719/014442.023:ERROR:process_memory_win.cc(73)] ReadMemory at 0x77110000 of 64 bytes failed: Only part of a ReadProcessMemory or WriteProcessMemory request was completed. (0x12B)
[0719/014442.023:WARNING:pe_image_reader.cc(340)] could not read dos header from C:\Windows\SYSTEM32\ntdll.dll
[0719/014442.023:ERROR:process_memory_win.cc(73)] ReadMemory at 0x77280000 of 64 bytes failed: Only part of a ReadProcessMemory or WriteProcessMemory request was completed. (0x12B)
[0719/014442.047:WARNING:pe_image_reader.cc(340)] could not read dos header from C:\Windows\system32\kernel32.dll
[0719/014442.047:ERROR:process_memory_win.cc(73)] ReadMemory at 0x75140000 of 64 bytes failed: Only part of a ReadProcessMemory or WriteProcessMemory request was completed. (0x12B)
[0719/014442.047:WARNING:pe_image_reader.cc(340)] could not read dos header from C:\Windows\system32\KERNELBASE.dll
[0719/014442.047:ERROR:process_memory_win.cc(73)] ReadMemory at 0x5b080000 of 64 bytes failed: Only part of a ReadProcessMemory or WriteProcessMemory request was completed. (0x12B)
[0719/014442.047:WARNING:pe_image_reader.cc(340)] could not read dos header from C:\Program Files\Google\Chrome\Application\83.0.4103.116\chrome_elf.dll
[0719/014442.047:ERROR:process_memory_win.cc(73)] ReadMemory at 0x74310000 of 64 bytes failed: Only part of a ReadProcessMemory or WriteProcessMemory request was completed. (0x12B)
[0719/014442.047:WARNING:pe_image_reader.cc(340)] could not read dos header from C:\Windows\system32\VERSION.dll
[0719/014442.047:ERROR:process_memory_win.cc(73)] ReadMemory at 0x757d0000 of 64 bytes failed: Only part of a ReadProcessMemory or WriteProcessMemory request was completed. (0x12B)
[0719/014442.047:WARNING:pe_image_reader.cc(340)] could not read dos header from C:\Windows\system32\msvcrt.dll
[0719/014442.047:ERROR:process_memory_win.cc(73)] ReadMemory at 0x71090000 of 64 bytes failed: Only part of a ReadProcessMemory or WriteProcessMemory request was completed. (0x12B)
[0719/014442.047:WARNING:pe_image_reader.cc(340)] could not read dos header from C:\Windows\system32\api-ms-win-core-synch-l1-2-0.DLL
[0719/014442.047:ERROR:process_memory_win.cc(73)] ReadMemory at 0x75730000 of 64 bytes failed: Only part of a ReadProcessMemory or WriteProcessMemory request was completed. (0x12B)
[0719/014442.047:WARNING:pe_image_reader.cc(340)] could not read dos header from C:\Windows\system32\GDI32.dll
[0719/014442.047:ERROR:process_memory_win.cc(73)] ReadMemory at 0x75a40000 of 64 bytes failed: Only part of a ReadProcessMemory or WriteProcessMemory request was completed. (0x12B)
[0719/014442.048:WARNING:pe_image_reader.cc(340)] could not read dos header from C:\Windows\system32\USER32.dll
[0719/014442.048:ERROR:process_memory_win.cc(73)] ReadMemory at 0x75670000 of 64 bytes failed: Only part of a ReadProcessMemory or WriteProcessMemory request was completed. (0x12B)
[0719/014442.048:WARNING:pe_image_reader.cc(340)] could not read dos header from C:\Windows\system32\LPK.dll
[0719/014442.048:ERROR:process_memory_win.cc(73)] ReadMemory at 0x75430000 of 64 bytes failed: Only part of a ReadProcessMemory or WriteProcessMemory request was completed. (0x12B)
[0719/014442.048:WARNING:pe_image_reader.cc(340)] could not read dos header from C:\Windows\system32\USP10.dll
[0719/014442.048:ERROR:process_memory_win.cc(73)] ReadMemory at 0x751f0000 of 64 bytes failed: Only part of a ReadProcessMemory or WriteProcessMemory request was completed. (0x12B)
[0719/014442.048:WARNING:pe_image_reader.cc(340)] could not read dos header from C:\Windows\system32\IMM32.DLL
[0719/014442.048:ERROR:process_memory_win.cc(73)] ReadMemory at 0x75880000 of 64 bytes failed: Only part of a ReadProcessMemory or WriteProcessMemory request was completed. (0x12B)
[0719/014442.048:WARNING:pe_image_reader.cc(340)] could not read dos header from C:\Windows\system32\MSCTF.dll
[0719/014442.048:ERROR:process_memory_win.cc(73)] ReadMemory at 0x75680000 of 64 bytes failed: Only part of a ReadProcessMemory or WriteProcessMemory request was completed. (0x12B)
[0719/014442.048:WARNING:pe_image_reader.cc(340)] could not read dos header from C:\Windows\system32\ADVAPI32.dll
[0719/014442.048:ERROR:process_memory_win.cc(73)] ReadMemory at 0x75370000 of 64 bytes failed: Only part of a ReadProcessMemory or WriteProcessMemory request was completed. (0x12B)
[0719/014442.048:WARNING:pe_image_reader.cc(340)] could not read dos header from C:\Windows\SYSTEM32\sechost.dll
[0719/014442.048:ERROR:process_memory_win.cc(73)] ReadMemory at 0x75b50000 of 64 bytes failed: Only part of a ReadProcessMemory or WriteProcessMemory request was completed. (0x12B)
[0719/014442.048:WARNING:pe_image_reader.cc(340)] could not read dos header from C:\Windows\system32\RPCRT4.dll
[0719/014442.048:ERROR:process_memory_win.cc(73)] ReadMemory at 0xfb10000 of 64 bytes failed: Only part of a ReadProcessMemory or WriteProcessMemory request was completed. (0x12B)
[0719/014442.048:WARNING:pe_image_reader.cc(340)] could not read dos header from C:\Program Files\Google\Chrome\Application\83.0.4103.116\chrome.dll
[0719/014442.048:ERROR:process_memory_win.cc(73)] ReadMemory at 0x75b10000 of 64 bytes failed: Only part of a ReadProcessMemory or WriteProcessMemory request was completed. (0x12B)
[0719/014442.048:WARNING:pe_image_reader.cc(340)] could not read dos header from C:\Windows\system32\WS2_32.dll
[0719/014442.049:ERROR:process_memory_win.cc(73)] ReadMemory at 0x77270000 of 64 bytes failed: Only part of a ReadProcessMemory or WriteProcessMemory request was completed. (0x12B)
[0719/014442.049:WARNING:pe_image_reader.cc(340)] could not read dos header from C:\Windows\system32\NSI.dll
[0719/014442.049:ERROR:process_memory_win.cc(73)] ReadMemory at 0x72f30000 of 64 bytes failed: Only part of a ReadProcessMemory or WriteProcessMemory request was completed. (0x12B)
[0719/014442.049:WARNING:pe_image_reader.cc(340)] could not read dos header from C:\Windows\system32\IPHLPAPI.DLL
[0719/014442.049:ERROR:process_memory_win.cc(73)] ReadMemory at 0x72f20000 of 64 bytes failed: Only part of a ReadProcessMemory or WriteProcessMemory request was completed. (0x12B)
[0719/014442.049:WARNING:pe_image_reader.cc(340)] could not read dos header from C:\Windows\system32\WINNSI.DLL
[0719/014442.049:ERROR:process_memory_win.cc(73)] ReadMemory at 0x75390000 of 64 bytes failed: Only part of a ReadProcessMemory or WriteProcessMemory request was completed. (0x12B)
[0719/014442.049:WARNING:pe_image_reader.cc(340)] could not read dos header from C:\Windows\system32\OLEAUT32.dll
[0719/014442.049:ERROR:process_memory_win.cc(73)] ReadMemory at 0x75210000 of 64 bytes failed: Only part of a ReadProcessMemory or WriteProcessMemory request was completed. (0x12B)
[0719/014442.049:WARNING:pe_image_reader.cc(340)] could not read dos header from C:\Windows\system32\ole32.dll
[0719/014442.049:ERROR:process_memory_win.cc(73)] ReadMemory at 0x701c0000 of 64 bytes failed: Only part of a ReadProcessMemory or WriteProcessMemory request was completed. (0x12B)
[0719/014442.049:WARNING:pe_image_reader.cc(340)] could not read dos header from C:\Windows\system32\WINMM.dll
[0719/014442.049:ERROR:process_memory_win.cc(73)] ReadMemory at 0x74d20000 of 64 bytes failed: Only part of a ReadProcessMemory or WriteProcessMemory request was completed. (0x12B)
[0719/014442.049:WARNING:pe_image_reader.cc(340)] could not read dos header from C:\Windows\system32\Secur32.dll
[0719/014442.049:ERROR:process_memory_win.cc(73)] ReadMemory at 0x74d40000 of 64 bytes failed: Only part of a ReadProcessMemory or WriteProcessMemory request was completed. (0x12B)
[0719/014442.049:WARNING:pe_image_reader.cc(340)] could not read dos header from C:\Windows\system32\SSPICLI.DLL
[0719/014442.049:ERROR:process_memory_win.cc(73)] ReadMemory at 0x74ec0000 of 64 bytes failed: Only part of a ReadProcessMemory or WriteProcessMemory request was completed. (0x12B)
[0719/014442.049:WARNING:pe_image_reader.cc(340)] could not read dos header from C:\Windows\system32\USERENV.dll
[0719/014442.049:ERROR:process_memory_win.cc(73)] ReadMemory at 0x74e90000 of 64 bytes failed: Only part of a ReadProcessMemory or WriteProcessMemory request was completed. (0x12B)
[0719/014442.049:WARNING:pe_image_reader.cc(340)] could not read dos header from C:\Windows\system32\profapi.dll
[0719/014442.049:ERROR:process_memory_win.cc(73)] ReadMemory at 0x750d0000 of 64 bytes failed: Only part of a ReadProcessMemory or WriteProcessMemory request was completed. (0x12B)
[0719/014442.049:WARNING:pe_image_reader.cc(340)] could not read dos header from C:\Windows\system32\WINTRUST.dll
[0719/014442.049:ERROR:process_memory_win.cc(73)] ReadMemory at 0x74ee0000 of 64 bytes failed: Only part of a ReadProcessMemory or WriteProcessMemory request was completed. (0x12B)
[0719/014442.049:WARNING:pe_image_reader.cc(340)] could not read dos header from C:\Windows\system32\CRYPT32.dll
[0719/014442.049:ERROR:process_memory_win.cc(73)] ReadMemory at 0x74ea0000 of 64 bytes failed: Only part of a ReadProcessMemory or WriteProcessMemory request was completed. (0x12B)
[0719/014442.049:WARNING:pe_image_reader.cc(340)] could not read dos header from C:\Windows\system32\MSASN1.dll
[0719/014442.050:ERROR:process_memory_win.cc(73)] ReadMemory at 0x6bad0000 of 64 bytes failed: Only part of a ReadProcessMemory or WriteProcessMemory request was completed. (0x12B)
[0719/014442.050:WARNING:pe_image_reader.cc(340)] could not read dos header from C:\Windows\system32\UIAutomationCore.DLL
[0719/014442.050:ERROR:process_memory_win.cc(73)] ReadMemory at 0x75a30000 of 64 bytes failed: Only part of a ReadProcessMemory or WriteProcessMemory request was completed. (0x12B)
[0719/014442.050:WARNING:pe_image_reader.cc(340)] could not read dos header from C:\Windows\system32\PSAPI.DLL
[0719/014442.050:ERROR:process_memory_win.cc(73)] ReadMemory at 0x72b70000 of 64 bytes failed: Only part of a ReadProcessMemory or WriteProcessMemory request was completed. (0x12B)
[0719/014442.050:WARNING:pe_image_reader.cc(340)] could not read dos header from C:\Windows\system32\OLEACC.dll
[0719/014442.050:ERROR:process_memory_win.cc(73)] ReadMemory at 0x5f880000 of 64 bytes failed: Only part of a ReadProcessMemory or WriteProcessMemory request was completed. (0x12B)
[0719/014442.050:WARNING:pe_image_reader.cc(340)] could not read dos header from C:\Windows\system32\DWrite.dll
[0719/014442.050:ERROR:process_memory_win.cc(73)] ReadMemory at 0x6b8e0000 of 64 bytes failed: Only part of a ReadProcessMemory or WriteProcessMemory request was completed. (0x12B)
[0719/014442.050:WARNING:pe_image_reader.cc(340)] could not read dos header from C:\Windows\system32\WINSPOOL.DRV
[0719/014442.050:ERROR:process_memory_win.cc(73)] ReadMemory at 0x6eb00000 of 64 bytes failed: Only part of a ReadProcessMemory or WriteProcessMemory request was completed. (0x12B)
[0719/014442.050:WARNING:pe_image_reader.cc(340)] could not read dos header from C:\Windows\system32\dbghelp.dll
[0719/014442.050:ERROR:process_memory_win.cc(73)] ReadMemory at 0x70340000 of 64 bytes failed: Only part of a ReadProcessMemory or WriteProcessMemory request was completed. (0x12B)
[0719/014442.050:WARNING:pe_image_reader.cc(340)] could not read dos header from C:\Windows\system32\WINHTTP.dll
[0719/014442.050:ERROR:process_memory_win.cc(73)] ReadMemory at 0x702f0000 of 64 bytes failed: Only part of a ReadProcessMemory or WriteProcessMemory request was completed. (0x12B)
[0719/014442.050:WARNING:pe_image_reader.cc(340)] could not read dos header from C:\Windows\system32\webio.dll
[0719/014442.050:ERROR:process_memory_win.cc(73)] ReadMemory at 0x72a10000 of 64 bytes failed: Only part of a ReadProcessMemory or WriteProcessMemory request was completed. (0x12B)
[0719/014442.050:WARNING:pe_image_reader.cc(340)] could not read dos header from C:\Windows\system32\dhcpcsvc.DLL
[0719/014442.143:ERROR:process_memory_win.cc(73)] ReadMemory at 0x59d000 of 12288 bytes failed: Only part of a ReadProcessMemory or WriteProcessMemory request was completed. (0x12B)
[0719/014442.143:ERROR:process_memory_win.cc(73)] ReadMemory at 0x105e000 of 8192 bytes failed: Only part of a ReadProcessMemory or WriteProcessMemory request was completed. (0x12B)
[0719/014442.143:ERROR:process_memory_win.cc(73)] ReadMemory at 0x6207f0 of 3284 bytes failed: Only part of a ReadProcessMemory or WriteProcessMemory request was completed. (0x12B)
[0719/014442.143:ERROR:process_memory_win.cc(73)] ReadMemory at 0x6214d0 of 660 bytes failed: Only part of a ReadProcessMemory or WriteProcessMemory request was completed. (0x12B)
[0719/014442.143:ERROR:process_memory_win.cc(73)] ReadMemory at 0x621970 of 886 bytes failed: Only part of a ReadProcessMemory or WriteProcessMemory request was completed. (0x12B)
[0719/014442.143:ERROR:process_memory_win.cc(73)] ReadMemory at 0x621ce8 of 106 bytes failed: Only part of a ReadProcessMemory or WriteProcessMemory request was completed. (0x12B)
[0719/014442.143:ERROR:process_memory_win.cc(73)] ReadMemory at 0x621d54 of 666 bytes failed: Only part of a ReadProcessMemory or WriteProcessMemory request was completed. (0x12B)
[0719/014442.143:ERROR:process_memory_win.cc(73)] ReadMemory at 0x621ff0 of 106 bytes failed: Only part of a ReadProcessMemory or WriteProcessMemory request was completed. (0x12B)
[0719/014442.214:ERROR:process_memory_win.cc(73)] ReadMemory at 0x62205c of 96 bytes failed: Only part of a ReadProcessMemory or WriteProcessMemory request was completed. (0x12B)
[0719/014442.507:ERROR:process_memory_win.cc(73)] ReadMemory at 0x6220c8 of 58 bytes failed: Only part of a ReadProcessMemory or WriteProcessMemory request was completed. (0x12B)
[0719/014442.508:ERROR:process_memory_win.cc(73)] ReadMemory at 0x622148 of 72 bytes failed: Only part of a ReadProcessMemory or WriteProcessMemory request was completed. (0x12B)
[0719/014442.508:ERROR:process_memory_win.cc(73)] ReadMemory at 0x6221c8 of 72 bytes failed: Only part of a ReadProcessMemory or WriteProcessMemory request was completed. (0x12B)
[0719/014442.508:ERROR:process_memory_win.cc(73)] ReadMemory at 0x622260 of 114 bytes failed: Only part of a ReadProcessMemory or WriteProcessMemory request was completed. (0x12B)
[0719/014442.508:ERROR:process_memory_win.cc(73)] ReadMemory at 0x6224f8 of 64 bytes failed: Only part of a ReadProcessMemory or WriteProcessMemory request was completed. (0x12B)
[0719/014442.508:ERROR:process_memory_win.cc(73)] ReadMemory at 0x622548 of 72 bytes failed: Only part of a ReadProcessMemory or WriteProcessMemory request was completed. (0x12B)
[0719/014442.509:ERROR:process_memory_win.cc(73)] ReadMemory at 0x6225e0 of 68 bytes failed: Only part of a ReadProcessMemory or WriteProcessMemory request was completed. (0x12B)
[0719/014442.509:ERROR:process_memory_win.cc(73)] ReadMemory at 0x622630 of 72 bytes failed: Only part of a ReadProcessMemory or WriteProcessMemory request was completed. (0x12B)
[0719/014442.509:ERROR:process_memory_win.cc(73)] ReadMemory at 0x622fc8 of 72 bytes failed: Only part of a ReadProcessMemory or WriteProcessMemory request was completed. (0x12B)
[0719/014442.509:ERROR:process_memory_win.cc(73)] ReadMemory at 0x623170 of 142 bytes failed: Only part of a ReadProcessMemory or WriteProcessMemory request was completed. (0x12B)
[0719/014442.509:ERROR:process_memory_win.cc(73)] ReadMemory at 0x623208 of 72 bytes failed: Only part of a ReadProcessMemory or WriteProcessMemory request was completed. (0x12B)
[0719/014442.509:ERROR:process_memory_win.cc(73)] ReadMemory at 0x623800 of 60 bytes failed: Only part of a ReadProcessMemory or WriteProcessMemory request was completed. (0x12B)
[0719/014442.509:ERROR:process_memory_win.cc(73)] ReadMemory at 0x623848 of 72 bytes failed: Only part of a ReadProcessMemory or WriteProcessMemory request was completed. (0x12B)
[0719/014442.510:ERROR:process_memory_win.cc(73)] ReadMemory at 0x623a28 of 62 bytes failed: Only part of a ReadProcessMemory or WriteProcessMemory request was completed. (0x12B)
[0719/014442.510:ERROR:process_memory_win.cc(73)] ReadMemory at 0x624368 of 104 bytes failed: Only part of a ReadProcessMemory or WriteProcessMemory request was completed. (0x12B)
[0719/014442.510:ERROR:process_memory_win.cc(73)] ReadMemory at 0x6243e0 of 72 bytes failed: Only part of a ReadProcessMemory or WriteProcessMemory request was completed. (0x12B)
[0719/014442.510:ERROR:process_memory_win.cc(73)] ReadMemory at 0x63ac78 of 54 bytes failed: Only part of a ReadProcessMemory or WriteProcessMemory request was completed. (0x12B)
[0719/014442.511:ERROR:process_memory_win.cc(73)] ReadMemory at 0x63acc0 of 72 bytes failed: Only part of a ReadProcessMemory or WriteProcessMemory request was completed. (0x12B)
[0719/014442.512:ERROR:process_memory_win.cc(73)] ReadMemory at 0x63ad40 of 72 bytes failed: Only part of a ReadProcessMemory or WriteProcessMemory request was completed. (0x12B)
[0719/014442.513:ERROR:process_memory_win.cc(73)] ReadMemory at 0x63adc0 of 54 bytes failed: Only part of a ReadProcessMemory or WriteProcessMemory request was completed. (0x12B)
[0719/014442.513:ERROR:process_memory_win.cc(73)] ReadMemory at 0x63c198 of 64 bytes failed: Only part of a ReadProcessMemory or WriteProcessMemory request was completed. (0x12B)
[0719/014442.513:ERROR:process_memory_win.cc(73)] ReadMemory at 0x63c230 of 60 bytes failed: Only part of a ReadProcessMemory or WriteProcessMemory request was completed. (0x12B)
[0719/014442.513:ERROR:process_memory_win.cc(73)] ReadMemory at 0x63c278 of 62 bytes failed: Only part of a ReadProcessMemory or WriteProcessMemory request was completed. (0x12B)
[0719/014442.513:ERROR:process_memory_win.cc(73)] ReadMemory at 0x63c2c0 of 58 bytes failed: Only part of a ReadProcessMemory or WriteProcessMemory request was completed. (0x12B)
[0719/014442.513:ERROR:process_memory_win.cc(73)] ReadMemory at 0x63c308 of 60 bytes failed: Only part of a ReadProcessMemory or WriteProcessMemory request was completed. (0x12B)
[0719/014442.515:ERROR:process_memory_win.cc(73)] ReadMemory at 0x63c350 of 58 bytes failed: Only part of a ReadProcessMemory or WriteProcessMemory request was completed. (0x12B)
[0719/014442.515:ERROR:process_memory_win.cc(73)] ReadMemory at 0x63c398 of 58 bytes failed: Only part of a ReadProcessMemory or WriteProcessMemory request was completed. (0x12B)
[0719/014442.515:ERROR:process_memory_win.cc(73)] ReadMemory at 0x63c3e0 of 58 bytes failed: Only part of a ReadProcessMemory or WriteProcessMemory request was completed. (0x12B)
[0719/014442.516:ERROR:process_memory_win.cc(73)] ReadMemory at 0x63c428 of 60 bytes failed: Only part of a ReadProcessMemory or WriteProcessMemory request was completed. (0x12B)
[0719/014442.516:ERROR:process_memory_win.cc(73)] ReadMemory at 0x63c470 of 60 bytes failed: Only part of a ReadProcessMemory or WriteProcessMemory request was completed. (0x12B)
[0719/014442.516:ERROR:process_memory_win.cc(73)] ReadMemory at 0x63c4b8 of 58 bytes failed: Only part of a ReadProcessMemory or WriteProcessMemory request was completed. (0x12B)
[0719/014442.516:ERROR:process_memory_win.cc(73)] ReadMemory at 0x63c500 of 58 bytes failed: Only part of a ReadProcessMemory or WriteProcessMemory request was completed. (0x12B)
[0719/014442.517:ERROR:process_memory_win.cc(73)] ReadMemory at 0x63c548 of 62 bytes failed: Only part of a ReadProcessMemory or WriteProcessMemory request was completed. (0x12B)
[0719/014442.517:ERROR:process_memory_win.cc(73)] ReadMemory at 0x63c590 of 62 bytes failed: Only part of a ReadProcessMemory or WriteProcessMemory request was completed. (0x12B)
[0719/014442.517:ERROR:process_memory_win.cc(73)] ReadMemory at 0x63c5d8 of 62 bytes failed: Only part of a ReadProcessMemory or WriteProcessMemory request was completed. (0x12B)
[0719/014442.517:ERROR:process_memory_win.cc(73)] ReadMemory at 0x63c620 of 62 bytes failed: Only part of a ReadProcessMemory or WriteProcessMemory request was completed. (0x12B)
[0719/014442.517:ERROR:process_memory_win.cc(73)] ReadMemory at 0x63c668 of 62 bytes failed: Only part of a ReadProcessMemory or WriteProcessMemory request was completed. (0x12B)
[0719/014442.517:ERROR:process_memory_win.cc(73)] ReadMemory at 0x63c6b0 of 60 bytes failed: Only part of a ReadProcessMemory or WriteProcessMemory request was completed. (0x12B)
[0719/014442.518:ERROR:process_memory_win.cc(73)] ReadMemory at 0x63c6f8 of 58 bytes failed: Only part of a ReadProcessMemory or WriteProcessMemory request was completed. (0x12B)
[0719/014442.518:ERROR:process_memory_win.cc(73)] ReadMemory at 0x63c740 of 60 bytes failed: Only part of a ReadProcessMemory or WriteProcessMemory request was completed. (0x12B)
[0719/014442.518:ERROR:process_memory_win.cc(73)] ReadMemory at 0x63c788 of 60 bytes failed: Only part of a ReadProcessMemory or WriteProcessMemory request was completed. (0x12B)
[0719/014442.518:ERROR:process_memory_win.cc(73)] ReadMemory at 0x63c7d0 of 62 bytes failed: Only part of a ReadProcessMemory or WriteProcessMemory request was completed. (0x12B)
[0719/014442.518:ERROR:process_memory_win.cc(73)] ReadMemory at 0x63c818 of 62 bytes failed: Only part of a ReadProcessMemory or WriteProcessMemory request was completed. (0x12B)
[0719/014442.518:ERROR:process_memory_win.cc(73)] ReadMemory at 0x63c860 of 58 bytes failed: Only part of a ReadProcessMemory or WriteProcessMemory request was completed. (0x12B)
[0719/014442.518:ERROR:process_memory_win.cc(73)] ReadMemory at 0x63d218 of 72 bytes failed: Only part of a ReadProcessMemory or WriteProcessMemory request was completed. (0x12B)
[0719/014442.519:ERROR:process_memory_win.cc(73)] ReadMemory at 0x63d298 of 72 bytes failed: Only part of a ReadProcessMemory or WriteProcessMemory request was completed. (0x12B)
[0719/014442.519:ERROR:process_memory_win.cc(73)] ReadMemory at 0x63d480 of 134 bytes failed: Only part of a ReadProcessMemory or WriteProcessMemory request was completed. (0x12B)
[0719/014442.519:ERROR:process_memory_win.cc(73)] ReadMemory at 0x63d540 of 72 bytes failed: Only part of a ReadProcessMemory or WriteProcessMemory request was completed. (0x12B)
[0719/014442.519:ERROR:process_memory_win.cc(73)] ReadMemory at 0x63d5d8 of 72 bytes failed: Only part of a ReadProcessMemory or WriteProcessMemory request was completed. (0x12B)
[0719/014442.519:ERROR:process_memory_win.cc(73)] ReadMemory at 0x63d658 of 72 bytes failed: Only part of a ReadProcessMemory or WriteProcessMemory request was completed. (0x12B)
[0719/014442.519:ERROR:process_memory_win.cc(73)] ReadMemory at 0x63d6d8 of 72 bytes failed: Only part of a ReadProcessMemory or WriteProcessMemory request was completed. (0x12B)
[0719/014442.519:ERROR:process_memory_win.cc(73)] ReadMemory at 0x63d758 of 72 bytes failed: Only part of a ReadProcessMemory or WriteProcessMemory request was completed. (0x12B)
[0719/014442.520:ERROR:process_memory_win.cc(73)] ReadMemory at 0x63d7d8 of 72 bytes failed: Only part of a ReadProcessMemory or WriteProcessMemory request was completed. (0x12B)
[0719/014442.520:ERROR:process_memory_win.cc(73)] ReadMemory at 0x63d858 of 72 bytes failed: Only part of a ReadProcessMemory or WriteProcessMemory request was completed. (0x12B)
[0719/014442.520:ERROR:process_memory_win.cc(73)] ReadMemory at 0x63d8d8 of 72 bytes failed: Only part of a ReadProcessMemory or WriteProcessMemory request was completed. (0x12B)
[0719/014442.520:ERROR:process_memory_win.cc(73)] ReadMemory at 0x63d958 of 72 bytes failed: Only part of a ReadProcessMemory or WriteProcessMemory request was completed. (0x12B)
[0719/014442.520:ERROR:process_memory_win.cc(73)] ReadMemory at 0x63d9d8 of 72 bytes failed: Only part of a ReadProcessMemory or WriteProcessMemory request was completed. (0x12B)
[0719/014442.520:ERROR:process_memory_win.cc(73)] ReadMemory at 0x63da58 of 72 bytes failed: Only part of a ReadProcessMemory or WriteProcessMemory request was completed. (0x12B)
[0719/014442.521:ERROR:process_memory_win.cc(73)] ReadMemory at 0x63dad8 of 72 bytes failed: Only part of a ReadProcessMemory or WriteProcessMemory request was completed. (0x12B)
[0719/014442.521:ERROR:process_memory_win.cc(73)] ReadMemory at 0x63db58 of 72 bytes failed: Only part of a ReadProcessMemory or WriteProcessMemory request was completed. (0x12B)
[0719/014442.521:ERROR:process_memory_win.cc(73)] ReadMemory at 0x63dbd8 of 72 bytes failed: Only part of a ReadProcessMemory or WriteProcessMemory request was completed. (0x12B)
[0719/014442.521:ERROR:process_memory_win.cc(73)] ReadMemory at 0x63dc58 of 72 bytes failed: Only part of a ReadProcessMemory or WriteProcessMemory request was completed. (0x12B)
[0719/014442.521:ERROR:process_memory_win.cc(73)] ReadMemory at 0x63dcd8 of 72 bytes failed: Only part of a ReadProcessMemory or WriteProcessMemory request was completed. (0x12B)
[0719/014442.521:ERROR:process_memory_win.cc(73)] ReadMemory at 0x63dd58 of 72 bytes failed: Only part of a ReadProcessMemory or WriteProcessMemory request was completed. (0x12B)
[0719/014442.521:ERROR:process_memory_win.cc(73)] ReadMemory at 0x63ddd8 of 72 bytes failed: Only part of a ReadProcessMemory or WriteProcessMemory request was completed. (0x12B)
[0719/014442.522:ERROR:process_memory_win.cc(73)] ReadMemory at 0x63de58 of 72 bytes failed: Only part of a ReadProcessMemory or WriteProcessMemory request was completed. (0x12B)
[0719/014442.522:ERROR:process_memory_win.cc(73)] ReadMemory at 0x63ded8 of 72 bytes failed: Only part of a ReadProcessMemory or WriteProcessMemory request was completed. (0x12B)
[0719/014442.522:ERROR:process_memory_win.cc(73)] ReadMemory at 0x63df58 of 72 bytes failed: Only part of a ReadProcessMemory or WriteProcessMemory request was completed. (0x12B)
[0719/014442.522:ERROR:process_memory_win.cc(73)] ReadMemory at 0x63dfd8 of 72 bytes failed: Only part of a ReadProcessMemory or WriteProcessMemory request was completed. (0x12B)
[0719/014442.522:ERROR:process_memory_win.cc(73)] ReadMemory at 0x63e058 of 72 bytes failed: Only part of a ReadProcessMemory or WriteProcessMemory request was completed. (0x12B)
[0719/014442.566:ERROR:process_memory_win.cc(73)] ReadMemory at 0x63e0d8 of 72 bytes failed: Only part of a ReadProcessMemory or WriteProcessMemory request was completed. (0x12B)
[0719/014442.579:ERROR:process_memory_win.cc(73)] ReadMemory at 0x63e158 of 72 bytes failed: Only part of a ReadProcessMemory or WriteProcessMemory request was completed. (0x12B)
[0719/014442.580:ERROR:process_memory_win.cc(73)] ReadMemory at 0x63e1d8 of 72 bytes failed: Only part of a ReadProcessMemory or WriteProcessMemory request was completed. (0x12B)
[0719/014442.580:ERROR:process_memory_win.cc(73)] ReadMemory at 0x63e258 of 72 bytes failed: Only part of a ReadProcessMemory or WriteProcessMemory request was completed. (0x12B)
[0719/014442.580:ERROR:process_memory_win.cc(73)] ReadMemory at 0x63e2d8 of 72 bytes failed: Only part of a ReadProcessMemory or WriteProcessMemory request was completed. (0x12B)
[0719/014442.580:ERROR:process_memory_win.cc(73)] ReadMemory at 0x63e358 of 72 bytes failed: Only part of a ReadProcessMemory or WriteProcessMemory request was completed. (0x12B)
[0719/014442.580:ERROR:process_memory_win.cc(73)] ReadMemory at 0x640288 of 64 bytes failed: Only part of a ReadProcessMemory or WriteProcessMemory request was completed. (0x12B)
[0719/014442.580:ERROR:process_memory_win.cc(73)] ReadMemory at 0x640380 of 80 bytes failed: Only part of a ReadProcessMemory or WriteProcessMemory request was completed. (0x12B)
[0719/014442.580:ERROR:process_memory_win.cc(73)] ReadMemory at 0x6404f8 of 64 bytes failed: Only part of a ReadProcessMemory or WriteProcessMemory request was completed. (0x12B)
[0719/014442.580:ERROR:process_memory_win.cc(73)] ReadMemory at 0x640630 of 64 bytes failed: Only part of a ReadProcessMemory or WriteProcessMemory request was completed. (0x12B)
[0719/014442.581:ERROR:process_memory_win.cc(73)] ReadMemory at 0x643f28 of 64 bytes failed: Only part of a ReadProcessMemory or WriteProcessMemory request was completed. (0x12B)
[0719/014442.581:ERROR:process_memory_win.cc(73)] ReadMemory at 0x644378 of 64 bytes failed: Only part of a ReadProcessMemory or WriteProcessMemory request was completed. (0x12B)
[0719/014442.581:ERROR:process_memory_win.cc(73)] ReadMemory at 0x5b0a2b96 of 512 bytes failed: Only part of a ReadProcessMemory or WriteProcessMemory request was completed. (0x12B)
[0719/014442.581:ERROR:process_memory_win.cc(73)] ReadMemory at 0x5b0a324a of 512 bytes failed: Only part of a ReadProcessMemory or WriteProcessMemory request was completed. (0x12B)
[0719/014442.581:ERROR:process_memory_win.cc(73)] ReadMemory at 0x77156b14 of 512 bytes failed: Only part of a ReadProcessMemory or WriteProcessMemory request was completed. (0x12B)
[0719/014442.587:ERROR:process_memory_win.cc(73)] ReadMemory at 0x771780bc of 18 bytes failed: Only part of a ReadProcessMemory or WriteProcessMemory request was completed. (0x12B)
[0719/014442.588:ERROR:process_memory_win.cc(73)] ReadMemory at 0x771e8340 of 24 bytes failed: Only part of a ReadProcessMemory or WriteProcessMemory request was completed. (0x12B)
[0719/014442.588:ERROR:process_memory_win.cc(73)] ReadMemory at 0x771e8540 of 32 bytes failed: Only part of a ReadProcessMemory or WriteProcessMemory request was completed. (0x12B)
[0719/014442.588:ERROR:process_memory_win.cc(73)] ReadMemory at 0x771e8880 of 36 bytes failed: Only part of a ReadProcessMemory or WriteProcessMemory request was completed. (0x12B)
[0719/014442.588:ERROR:process_memory_win.cc(73)] ReadMemory at 0x7ffd3000 of 560 bytes failed: Only part of a ReadProcessMemory or WriteProcessMemory request was completed. (0x12B)
[0719/014442.588:ERROR:process_memory_win.cc(73)] ReadMemory at 0x7ffde000 of 3992 bytes failed: Only part of a ReadProcessMemory or WriteProcessMemory request was completed. (0x12B)
[0719/014442.589:ERROR:process_memory_win.cc(73)] ReadMemory at 0x7ffdf000 of 3992 bytes failed: Only part of a ReadProcessMemory or WriteProcessMemory request was completed. (0x12B)
[0719/014442.592:ERROR:scoped_process_suspend.cc(40)] NtResumeProcess: An attempt was made to access an exiting process. (0xc000010a)
